{"C:\\Users\\Jaccey\\Desktop\\Project Folder\\Jest\\react-testing-vite\\src\\components\\greet\\greet.tsx": {"path":"C:\\Users\\Jaccey\\Desktop\\Project Folder\\Jest\\react-testing-vite\\src\\components\\greet\\greet.tsx","statementMap":{"0":{"start":{"line":5,"column":14},"end":{"line":7,"column":1}},"1":{"start":{"line":6,"column":2},"end":{"line":6,"column":33}},"2":{"start":{"line":9,"column":0},"end":{"line":9,"column":21}}},"fnMap":{"0":{"name":"(anonymous_0)","decl":{"start":{"line":5,"column":14},"end":{"line":5,"column":15}},"loc":{"start":{"line":5,"column":39},"end":{"line":7,"column":1}}}},"branchMap":{},"s":{"0":1,"1":2,"2":1},"f":{"0":2},"b":{}}
}
